build/intermediates/manifest_merge_blame_file/debug/manifest-merger-blame-debug-report.txt
1<?xml version="1.0" encoding="utf-8"?>
2<manifest xmlns:android="http://schemas.android.com/apk/res/android"
3    package="com.example.storescontrol.lincon"
4    android:versionCode="10"
5    android:versionName="1.5.1" >
6
7    <uses-sdk
8        android:minSdkVersion="21"
8-->src\main\AndroidManifest.xml
9        android:targetSdkVersion="28" />
9-->src\main\AndroidManifest.xml
10
11    <uses-permission android:name="android.permission.GET_ACCOUNTS" />
11-->src\main\AndroidManifest.xml:6:5-71
11-->src\main\AndroidManifest.xml:6:22-68
12    <uses-permission android:name="android.permission.READ_PROFILE" />
12-->src\main\AndroidManifest.xml:7:5-71
12-->src\main\AndroidManifest.xml:7:22-68
13    <uses-permission android:name="android.permission.READ_CONTACTS" />
13-->src\main\AndroidManifest.xml:8:5-72
13-->src\main\AndroidManifest.xml:8:22-69
14    <uses-permission android:name="android.permission.CAMERA" />
14-->src\main\AndroidManifest.xml:9:5-65
14-->src\main\AndroidManifest.xml:9:22-62
15    <uses-permission android:name="android.permission.INTERNET" />
15-->src\main\AndroidManifest.xml:10:5-67
15-->src\main\AndroidManifest.xml:10:22-64
16    <uses-permission android:name="android.permission.VIBRATE" />
16-->src\main\AndroidManifest.xml:11:5-66
16-->src\main\AndroidManifest.xml:11:22-63
17    <uses-permission android:name="android.permission.FLASHLIGHT" /> <!-- 蓝牙权限 -->
17-->src\main\AndroidManifest.xml:12:5-69
17-->src\main\AndroidManifest.xml:12:22-66
18    <uses-permission android:name="android.permission.WRITE_EXTERNAL_STORAGE" /> <!-- 安卓6蓝牙权限，必须打开定位权限 -->
18-->src\main\AndroidManifest.xml:13:5-81
18-->src\main\AndroidManifest.xml:13:22-78
19    <uses-permission android:name="android.permission.READ_EXTERNAL_STORAGE" />
19-->src\main\AndroidManifest.xml:14:5-80
19-->src\main\AndroidManifest.xml:14:22-77
20    <uses-permission android:name="android.permission.READ_PHONE_STATE" />
20-->src\main\AndroidManifest.xml:15:5-75
20-->src\main\AndroidManifest.xml:15:22-72
21    <uses-permission android:name="android.permission.ACCESS_NETWORK_STATE" />
21-->src\main\AndroidManifest.xml:16:5-79
21-->src\main\AndroidManifest.xml:16:22-76
22    <uses-permission android:name="android.permission.ACCESS_WIFI_STATE" />
22-->src\main\AndroidManifest.xml:17:5-76
22-->src\main\AndroidManifest.xml:17:22-73
23    <uses-permission android:name="android.permission.REQUEST_INSTALL_PACKAGES" />
23-->src\main\AndroidManifest.xml:18:5-83
23-->src\main\AndroidManifest.xml:18:22-80
24    <uses-permission android:name="android.permission.BLUETOOTH" />
24-->src\main\AndroidManifest.xml:19:5-68
24-->src\main\AndroidManifest.xml:19:22-65
25    <uses-permission android:name="android.permission.BLUETOOTH_ADMIN" />
25-->src\main\AndroidManifest.xml:20:5-74
25-->src\main\AndroidManifest.xml:20:22-71
26    <uses-permission android:name="android.permission.ACCESS_COARSE_LOCATION" />
26-->src\main\AndroidManifest.xml:21:5-81
26-->src\main\AndroidManifest.xml:21:22-78
27    <uses-permission android:name="android.permission.ACCESS_FINE_LOCATION" />
27-->src\main\AndroidManifest.xml:22:5-79
27-->src\main\AndroidManifest.xml:22:22-76
28    <uses-permission android:name="android.permission.ACCESS_LOCATION_EXTRA_COMMANDS" />
28-->src\main\AndroidManifest.xml:23:5-89
28-->src\main\AndroidManifest.xml:23:22-86
29    <uses-permission android:name="android.permission.SYSTEM_ALERT_WINDOW" />
29-->src\main\AndroidManifest.xml:24:5-78
29-->src\main\AndroidManifest.xml:24:22-75
30
31    <!-- Don't require camera, as this requires a rear camera. This allows it to work on the Nexus 7 -->
32    <uses-feature
32-->[com.journeyapps:zxing-android-embedded:3.6.0] AndroidManifest.xml:25:5-27:36
33        android:name="android.hardware.camera"
33-->[com.journeyapps:zxing-android-embedded:3.6.0] AndroidManifest.xml:26:9-47
34        android:required="false" />
34-->[com.journeyapps:zxing-android-embedded:3.6.0] AndroidManifest.xml:27:9-33
35    <uses-feature
35-->[com.journeyapps:zxing-android-embedded:3.6.0] AndroidManifest.xml:28:5-30:36
36        android:name="android.hardware.camera.front"
36-->[com.journeyapps:zxing-android-embedded:3.6.0] AndroidManifest.xml:29:9-53
37        android:required="false" /> <!-- TODO replace above two with next line after Android 4.2 -->
37-->[com.journeyapps:zxing-android-embedded:3.6.0] AndroidManifest.xml:30:9-33
38    <!-- <uses-feature android:name="android.hardware.camera.any"/> -->
39    <uses-feature
39-->[com.journeyapps:zxing-android-embedded:3.6.0] AndroidManifest.xml:33:5-35:36
40        android:name="android.hardware.camera.autofocus"
40-->[com.journeyapps:zxing-android-embedded:3.6.0] AndroidManifest.xml:34:9-57
41        android:required="false" />
41-->[com.journeyapps:zxing-android-embedded:3.6.0] AndroidManifest.xml:35:9-33
42    <uses-feature
42-->[com.journeyapps:zxing-android-embedded:3.6.0] AndroidManifest.xml:36:5-38:36
43        android:name="android.hardware.camera.flash"
43-->[com.journeyapps:zxing-android-embedded:3.6.0] AndroidManifest.xml:37:9-53
44        android:required="false" />
44-->[com.journeyapps:zxing-android-embedded:3.6.0] AndroidManifest.xml:38:9-33
45    <uses-feature
45-->[com.journeyapps:zxing-android-embedded:3.6.0] AndroidManifest.xml:39:5-41:36
46        android:name="android.hardware.screen.landscape"
46-->[com.journeyapps:zxing-android-embedded:3.6.0] AndroidManifest.xml:40:9-57
47        android:required="false" />
47-->[com.journeyapps:zxing-android-embedded:3.6.0] AndroidManifest.xml:41:9-33
48    <uses-feature
48-->[com.journeyapps:zxing-android-embedded:3.6.0] AndroidManifest.xml:42:5-44:36
49        android:name="android.hardware.wifi"
49-->[com.journeyapps:zxing-android-embedded:3.6.0] AndroidManifest.xml:43:9-45
50        android:required="false" />
50-->[com.journeyapps:zxing-android-embedded:3.6.0] AndroidManifest.xml:44:9-33
51
52    <application
52-->src\main\AndroidManifest.xml:26:5-111:19
53        android:name="com.lkrh.storescontrol.view.BaseApplication"
53-->src\main\AndroidManifest.xml:27:9-45
54        android:allowBackup="true"
54-->src\main\AndroidManifest.xml:28:9-35
55        android:appComponentFactory="androidx.core.app.CoreComponentFactory"
55-->[androidx.core:core:1.3.1] AndroidManifest.xml:24:18-86
56        android:debuggable="true"
57        android:hardwareAccelerated="true"
57-->src\main\AndroidManifest.xml:29:9-43
58        android:icon="@mipmap/ic_app"
58-->src\main\AndroidManifest.xml:30:9-38
59        android:label="@string/app_name"
59-->src\main\AndroidManifest.xml:31:9-41
60        android:networkSecurityConfig="@xml/network_security_config"
60-->src\main\AndroidManifest.xml:32:9-69
61        android:screenOrientation="portrait"
61-->src\main\AndroidManifest.xml:33:9-45
62        android:supportsRtl="true"
62-->src\main\AndroidManifest.xml:34:9-35
63        android:theme="@style/AppTheme.NoActionBar" >
63-->src\main\AndroidManifest.xml:35:9-52
64        <activity android:name="com.lkrh.storescontrol.view.InventoryActivity" />
64-->src\main\AndroidManifest.xml:36:9-69
64-->src\main\AndroidManifest.xml:36:19-57
65        <activity android:name="com.lkrh.storescontrol.view.ProcessActivity" />
65-->src\main\AndroidManifest.xml:37:9-58
65-->src\main\AndroidManifest.xml:37:19-55
66        <activity android:name="com.lkrh.storescontrol.view.GxbgActivity" />
66-->src\main\AndroidManifest.xml:38:9-55
66-->src\main\AndroidManifest.xml:38:19-52
67        <activity android:name="com.lkrh.storescontrol.view.PalletAdjustmentActivity" />
67-->src\main\AndroidManifest.xml:39:9-67
67-->src\main\AndroidManifest.xml:39:19-64
68        <activity android:name="com.lkrh.storescontrol.view.ScanCheckActivity" />
68-->src\main\AndroidManifest.xml:40:9-60
68-->src\main\AndroidManifest.xml:40:19-57
69        <activity android:name="com.lkrh.storescontrol.view.HelpActivity" />
69-->src\main\AndroidManifest.xml:41:9-55
69-->src\main\AndroidManifest.xml:41:19-52
70        <activity android:name="com.lkrh.storescontrol.view.StockAllocationActivity" />
70-->src\main\AndroidManifest.xml:42:9-66
70-->src\main\AndroidManifest.xml:42:19-63
71        <activity android:name="com.lkrh.storescontrol.view.LogisticsDistributionActivity" />
71-->src\main\AndroidManifest.xml:43:9-72
71-->src\main\AndroidManifest.xml:43:19-69
72        <activity android:name="com.lkrh.storescontrol.view.ClaimMaterialActivity" />
72-->src\main\AndroidManifest.xml:44:9-64
72-->src\main\AndroidManifest.xml:44:19-61
73        <activity android:name="com.lkrh.storescontrol.view.ChartListActivity" />
73-->src\main\AndroidManifest.xml:45:9-60
73-->src\main\AndroidManifest.xml:45:19-57
74        <activity android:name="com.lkrh.storescontrol.view.OrderChangeActivity" /> <!-- 配置APP ID -->
74-->src\main\AndroidManifest.xml:46:9-62
74-->src\main\AndroidManifest.xml:46:19-59
75        <activity
75-->src\main\AndroidManifest.xml:47:9-50:64
76            android:name="com.tencent.bugly.beta.ui.BetaActivity"
76-->src\main\AndroidManifest.xml:48:13-66
77            android:configChanges="keyboardHidden|orientation|screenSize|locale"
77-->src\main\AndroidManifest.xml:49:13-81
78            android:theme="@android:style/Theme.Translucent" /> <!-- 配置APP版本号 -->
78-->src\main\AndroidManifest.xml:50:13-61
79        <activity android:name="com.lkrh.storescontrol.view.LoginActivity" >
79-->src\main\AndroidManifest.xml:51:9-57:20
79-->src\main\AndroidManifest.xml:51:19-53
80            <intent-filter>
80-->src\main\AndroidManifest.xml:52:13-56:29
81                <action android:name="android.intent.action.MAIN" />
81-->src\main\AndroidManifest.xml:53:17-69
81-->src\main\AndroidManifest.xml:53:25-66
82
83                <category android:name="android.intent.category.LAUNCHER" />
83-->src\main\AndroidManifest.xml:55:17-77
83-->src\main\AndroidManifest.xml:55:27-74
84            </intent-filter>
85        </activity> <!-- 配置APP渠道号 -->
86        <!-- 配置Bugly调试模式（true或者false） -->
87        <activity android:name="com.lkrh.storescontrol.view.PortActivity" />
87-->src\main\AndroidManifest.xml:59:9-55
87-->src\main\AndroidManifest.xml:59:19-52
88        <activity android:name="com.lkrh.storescontrol.view.IndexActivity" />
88-->src\main\AndroidManifest.xml:60:9-56
88-->src\main\AndroidManifest.xml:60:19-53
89        <activity android:name="com.lkrh.storescontrol.view.ScanActivity" />
89-->src\main\AndroidManifest.xml:61:9-55
89-->src\main\AndroidManifest.xml:61:19-52
90        <activity android:name="com.lkrh.storescontrol.view.PutListActivity" />
90-->src\main\AndroidManifest.xml:62:9-58
90-->src\main\AndroidManifest.xml:62:19-55
91        <activity
91-->src\main\AndroidManifest.xml:63:9-65:73
92            android:name="com.lkrh.storescontrol.view.ProductionwarehousingActivity"
92-->src\main\AndroidManifest.xml:64:13-63
93            android:windowSoftInputMode="stateAlwaysHidden|adjustPan" />
93-->src\main\AndroidManifest.xml:65:13-70
94        <activity android:name="com.lkrh.storescontrol.view.ProductionListActivity" />
94-->src\main\AndroidManifest.xml:66:9-65
94-->src\main\AndroidManifest.xml:66:19-62
95        <activity android:name="com.lkrh.storescontrol.view.DetailListActivity" />
95-->src\main\AndroidManifest.xml:67:9-61
95-->src\main\AndroidManifest.xml:67:19-58
96        <activity
96-->src\main\AndroidManifest.xml:68:9-70:73
97            android:name="com.lkrh.storescontrol.view.StockcheckActivity"
97-->src\main\AndroidManifest.xml:69:13-52
98            android:windowSoftInputMode="stateAlwaysHidden|adjustPan" />
98-->src\main\AndroidManifest.xml:70:13-70
99        <activity android:name="com.lkrh.storescontrol.view.sale.DispatchActivity" />
99-->src\main\AndroidManifest.xml:71:9-64
99-->src\main\AndroidManifest.xml:71:19-61
100        <activity android:name="com.lkrh.storescontrol.view.sale.DispatchdetailslistActivity" />
100-->src\main\AndroidManifest.xml:72:9-75
100-->src\main\AndroidManifest.xml:72:19-72
101        <activity android:name="com.lkrh.storescontrol.view.PrintActivity" />
101-->src\main\AndroidManifest.xml:73:9-56
101-->src\main\AndroidManifest.xml:73:19-53
102        <activity android:name="com.lkrh.storescontrol.view.declaration.ReportActivity" />
102-->src\main\AndroidManifest.xml:74:9-69
102-->src\main\AndroidManifest.xml:74:19-66
103        <activity
103-->src\main\AndroidManifest.xml:75:9-77:73
104            android:name="com.lkrh.storescontrol.view.declaration.MaterialActivity"
104-->src\main\AndroidManifest.xml:76:13-62
105            android:windowSoftInputMode="stateAlwaysHidden|adjustPan" />
105-->src\main\AndroidManifest.xml:77:13-70
106        <activity android:name="com.lkrh.storescontrol.view.declaration.ReportprintActivity" />
106-->src\main\AndroidManifest.xml:78:9-74
106-->src\main\AndroidManifest.xml:78:19-71
107        <activity android:name="com.lkrh.storescontrol.view.declaration.UnqualifiedListActivity" />
107-->src\main\AndroidManifest.xml:79:9-78
107-->src\main\AndroidManifest.xml:79:19-75
108        <activity android:name="com.lkrh.storescontrol.view.PurchaselistActivity" />
108-->src\main\AndroidManifest.xml:80:9-63
108-->src\main\AndroidManifest.xml:80:19-60
109        <activity android:name="com.lkrh.storescontrol.view.confirm.ConfirmActivity" />
109-->src\main\AndroidManifest.xml:81:9-66
109-->src\main\AndroidManifest.xml:81:19-63
110        <activity android:name="com.lkrh.storescontrol.view.test.AreaselectActivity" />
110-->src\main\AndroidManifest.xml:82:9-66
110-->src\main\AndroidManifest.xml:82:19-63
111        <activity android:name="com.lkrh.storescontrol.view.test.TestlistActivity" />
111-->src\main\AndroidManifest.xml:83:9-64
111-->src\main\AndroidManifest.xml:83:19-61
112        <activity android:name="com.lkrh.storescontrol.view.inspection.Inspectionlist2Activity" />
112-->src\main\AndroidManifest.xml:84:9-77
112-->src\main\AndroidManifest.xml:84:19-74
113        <activity android:name="com.lkrh.storescontrol.view.test.TestActivity" />
113-->src\main\AndroidManifest.xml:85:9-60
113-->src\main\AndroidManifest.xml:85:19-57
114        <activity android:name="com.lkrh.storescontrol.view.packinginspetion.PackingInspetionListActivity" />
114-->src\main\AndroidManifest.xml:86:9-88
114-->src\main\AndroidManifest.xml:86:19-85
115        <activity android:name="com.lkrh.storescontrol.view.ProductionOrderActivity" />
115-->src\main\AndroidManifest.xml:87:9-66
115-->src\main\AndroidManifest.xml:87:19-63
116        <activity android:name="com.lkrh.storescontrol.view.packinginspetion.PackingInspetionActivity" />
116-->src\main\AndroidManifest.xml:88:9-84
116-->src\main\AndroidManifest.xml:88:19-81
117        <activity android:name="com.lkrh.storescontrol.view.BillListActivity" />
117-->src\main\AndroidManifest.xml:89:9-59
117-->src\main\AndroidManifest.xml:89:19-56
118        <activity android:name="com.lkrh.storescontrol.view.BillDetailActivity" />
118-->src\main\AndroidManifest.xml:90:9-61
118-->src\main\AndroidManifest.xml:90:19-58
119
120        <meta-data
120-->src\main\AndroidManifest.xml:92:9-94:42
121            android:name="BUGLY_APPID"
121-->src\main\AndroidManifest.xml:93:13-39
122            android:value="8a29361815" />
122-->src\main\AndroidManifest.xml:94:13-39
123        <meta-data
123-->src\main\AndroidManifest.xml:95:9-97:35
124            android:name="BUGLY_APP_VERSION"
124-->src\main\AndroidManifest.xml:96:13-45
125            android:value="1.0" />
125-->src\main\AndroidManifest.xml:97:13-32
126        <meta-data
126-->src\main\AndroidManifest.xml:98:9-100:36
127            android:name="BUGLY_ENABLE_DEBUG"
127-->src\main\AndroidManifest.xml:99:13-46
128            android:value="true" />
128-->src\main\AndroidManifest.xml:100:13-33
129
130        <provider
130-->src\main\AndroidManifest.xml:102:9-110:20
131            android:name="androidx.core.content.FileProvider"
131-->src\main\AndroidManifest.xml:103:13-62
132            android:authorities="com.storescontrol.fileprovider"
132-->src\main\AndroidManifest.xml:104:13-65
133            android:exported="false"
133-->src\main\AndroidManifest.xml:105:13-37
134            android:grantUriPermissions="true" >
134-->src\main\AndroidManifest.xml:106:13-47
135            <meta-data
135-->src\main\AndroidManifest.xml:107:13-109:54
136                android:name="android.support.FILE_PROVIDER_PATHS"
136-->src\main\AndroidManifest.xml:108:17-67
137                android:resource="@xml/file_paths" />
137-->src\main\AndroidManifest.xml:109:17-51
138        </provider>
139
140        <activity
140-->[com.journeyapps:zxing-android-embedded:3.6.0] AndroidManifest.xml:47:9-53:63
141            android:name="com.journeyapps.barcodescanner.CaptureActivity"
141-->[com.journeyapps:zxing-android-embedded:3.6.0] AndroidManifest.xml:48:13-74
142            android:clearTaskOnLaunch="true"
142-->[com.journeyapps:zxing-android-embedded:3.6.0] AndroidManifest.xml:49:13-45
143            android:screenOrientation="sensorLandscape"
143-->[com.journeyapps:zxing-android-embedded:3.6.0] AndroidManifest.xml:50:13-56
144            android:stateNotNeeded="true"
144-->[com.journeyapps:zxing-android-embedded:3.6.0] AndroidManifest.xml:51:13-42
145            android:theme="@style/zxing_CaptureTheme"
145-->[com.journeyapps:zxing-android-embedded:3.6.0] AndroidManifest.xml:52:13-54
146            android:windowSoftInputMode="stateAlwaysHidden" />
146-->[com.journeyapps:zxing-android-embedded:3.6.0] AndroidManifest.xml:53:13-60
147
148        <provider
148-->[com.squareup.picasso:picasso:2.71828] AndroidManifest.xml:8:9-11:40
149            android:name="com.squareup.picasso.PicassoProvider"
149-->[com.squareup.picasso:picasso:2.71828] AndroidManifest.xml:9:13-64
150            android:authorities="com.example.storescontrol.lincon.com.squareup.picasso"
150-->[com.squareup.picasso:picasso:2.71828] AndroidManifest.xml:10:13-72
151            android:exported="false" /> <!-- Custom FileProvider for 7.x -->
151-->[com.squareup.picasso:picasso:2.71828] AndroidManifest.xml:11:13-37
152        <provider
152-->[com.tencent.bugly:crashreport_upgrade:1.4.5] AndroidManifest.xml:27:9-37:20
153            android:name="com.tencent.bugly.beta.utils.BuglyFileProvider"
153-->[com.tencent.bugly:crashreport_upgrade:1.4.5] AndroidManifest.xml:28:13-74
154            android:authorities="com.example.storescontrol.lincon.fileProvider"
154-->[com.tencent.bugly:crashreport_upgrade:1.4.5] AndroidManifest.xml:29:13-64
155            android:exported="false"
155-->[com.tencent.bugly:crashreport_upgrade:1.4.5] AndroidManifest.xml:30:13-37
156            android:grantUriPermissions="true" >
156-->[com.tencent.bugly:crashreport_upgrade:1.4.5] AndroidManifest.xml:31:13-47
157            <meta-data
157-->src\main\AndroidManifest.xml:107:13-109:54
158                android:name="android.support.FILE_PROVIDER_PATHS"
158-->src\main\AndroidManifest.xml:108:17-67
159                android:resource="@xml/provider_paths" />
159-->src\main\AndroidManifest.xml:109:17-51
160        </provider> <!-- 配置tinker合成结果service -->
161        <service
161-->[com.tencent.bugly:crashreport_upgrade:1.4.5] AndroidManifest.xml:39:9-42:72
162            android:name="com.tencent.bugly.beta.tinker.TinkerResultService"
162-->[com.tencent.bugly:crashreport_upgrade:1.4.5] AndroidManifest.xml:40:13-77
163            android:exported="false"
163-->[com.tencent.bugly:crashreport_upgrade:1.4.5] AndroidManifest.xml:41:13-37
164            android:permission="android.permission.BIND_JOB_SERVICE" />
164-->[com.tencent.bugly:crashreport_upgrade:1.4.5] AndroidManifest.xml:42:13-69
165    </application>
166
167</manifest>